<?xml version="1.0" encoding="UTF-8"?>
<!-- Generated by org.testng.reporters.JUnitReportReporter -->
<testsuite hostname="qeWindowsVM-Bac" failures="0" tests="1" name="com.abb.dias.api.automation.test.kshtest.KshApiServicesExecutionTest" time="8.373" errors="0" timestamp="05 Aug 2020 05:23:59 GMT" skipped="0">
  <testcase classname="com.abb.dias.api.automation.test.kshtest.KshApiServicesExecutionTest" name="runtest" time="8.373"/>
</testsuite> <!-- com.abb.dias.api.automation.test.kshtest.KshApiServicesExecutionTest -->
